<?xml version="1.0" encoding="UTF-8"?>
<testsuite name="testNG.SampleTestCase" tests="4" skipped="0" failures="0" errors="0" timestamp="2024-07-22T06:13:47" hostname="abhi-21739" time="0.004">
  <properties/>
  <testcase name="firstTestCase" classname="testNG.SampleTestCase" time="0.002"/>
  <testcase name="forthTestCase" classname="testNG.SampleTestCase" time="0.0"/>
  <testcase name="secondTestCase" classname="testNG.SampleTestCase" time="0.0"/>
  <testcase name="thirdTestCase" classname="testNG.SampleTestCase" time="0.0"/>
  <system-out><![CDATA[This is the first test case
This is the forth test case
This is the second test case
This is the third test case
]]></system-out>
  <system-err><![CDATA[]]></system-err>
</testsuite>
